{
  "stats": {
    "suites": 2,
    "tests": 1,
    "passes": 1,
    "pending": 0,
    "failures": 0,
    "start": "2017-07-19T03:20:48.482Z",
    "end": "2017-07-19T03:20:48.503Z",
    "duration": 21,
    "testsRegistered": 1,
    "passPercent": 100,
    "pendingPercent": 0,
    "other": 0,
    "hasOther": false,
    "skipped": 0,
    "hasSkipped": false,
    "passPercentClass": "success",
    "pendingPercentClass": "danger"
  },
  "suites": {
    "title": "",
    "suites": [
      {
        "title": "Array",
        "suites": [
          {
            "title": "#indexOf()",
            "suites": [],
            "tests": [
              {
                "title": "should return -1 when the value is not present",
                "fullTitle": "Array #indexOf() should return -1 when the value is not present",
                "timedOut": false,
                "duration": 0,
                "state": "passed",
                "speed": "fast",
                "pass": true,
                "fail": false,
                "pending": false,
                "code": "assert.equal(-1, [1,2,3].indexOf(4));",
                "err": {},
                "isRoot": false,
                "uuid": "6d68a0e8-473a-4e05-8a00-229f15ff448d",
                "parentUUID": "5f98c675-365d-4f1d-96c1-e2352b3ce4b4",
                "isHook": false,
                "skipped": false
              }
            ],
            "pending": [],
            "root": false,
            "_timeout": 2000,
            "file": "/tests/index.js",
            "uuid": "5f98c675-365d-4f1d-96c1-e2352b3ce4b4",
            "beforeHooks": [],
            "afterHooks": [],
            "fullFile": "/Users/kukuchong/yunshipei/myapp/tests/index.js",
            "passes": [
              {
                "title": "should return -1 when the value is not present",
                "fullTitle": "Array #indexOf() should return -1 when the value is not present",
                "timedOut": false,
                "duration": 0,
                "state": "passed",
                "speed": "fast",
                "pass": true,
                "fail": false,
                "pending": false,
                "code": "assert.equal(-1, [1,2,3].indexOf(4));",
                "err": {},
                "isRoot": false,
                "uuid": "6d68a0e8-473a-4e05-8a00-229f15ff448d",
                "parentUUID": "5f98c675-365d-4f1d-96c1-e2352b3ce4b4",
                "isHook": false,
                "skipped": false
              }
            ],
            "failures": [],
            "skipped": [],
            "hasBeforeHooks": false,
            "hasAfterHooks": false,
            "hasTests": true,
            "hasSuites": false,
            "totalTests": 1,
            "totalPasses": 1,
            "totalFailures": 0,
            "totalPending": 0,
            "totalSkipped": 0,
            "hasPasses": true,
            "hasFailures": false,
            "hasPending": false,
            "hasSkipped": false,
            "duration": 0,
            "rootEmpty": false
          }
        ],
        "tests": [],
        "pending": [],
        "root": false,
        "_timeout": 2000,
        "file": "/tests/index.js",
        "uuid": "5b4a0c4b-81c0-4da0-ad37-8b6e7eaae00c",
        "beforeHooks": [],
        "afterHooks": [],
        "fullFile": "/Users/kukuchong/yunshipei/myapp/tests/index.js",
        "passes": [],
        "failures": [],
        "skipped": [],
        "hasBeforeHooks": false,
        "hasAfterHooks": false,
        "hasTests": false,
        "hasSuites": true,
        "totalTests": 0,
        "totalPasses": 0,
        "totalFailures": 0,
        "totalPending": 0,
        "totalSkipped": 0,
        "hasPasses": false,
        "hasFailures": false,
        "hasPending": false,
        "hasSkipped": false,
        "duration": 0,
        "rootEmpty": false
      }
    ],
    "tests": [],
    "pending": [],
    "root": true,
    "_timeout": 2000,
    "uuid": "f1e876eb-33b8-4c14-8321-bd954b58c43c",
    "beforeHooks": [],
    "afterHooks": [],
    "fullFile": "",
    "file": "",
    "passes": [],
    "failures": [],
    "skipped": [],
    "hasBeforeHooks": false,
    "hasAfterHooks": false,
    "hasTests": false,
    "hasSuites": true,
    "totalTests": 0,
    "totalPasses": 0,
    "totalFailures": 0,
    "totalPending": 0,
    "totalSkipped": 0,
    "hasPasses": false,
    "hasFailures": false,
    "hasPending": false,
    "hasSkipped": false,
    "duration": 0,
    "rootEmpty": true
  },
  "allTests": [
    {
      "title": "should return -1 when the value is not present",
      "fullTitle": "#indexOf() should return -1 when the value is not present",
      "timedOut": false,
      "duration": 0,
      "state": "passed",
      "speed": "fast",
      "pass": true,
      "fail": false,
      "pending": false,
      "code": "assert.equal(-1, [1,2,3].indexOf(4));",
      "err": {},
      "isRoot": false,
      "uuid": "6d68a0e8-473a-4e05-8a00-229f15ff448d",
      "parentUUID": "5f98c675-365d-4f1d-96c1-e2352b3ce4b4",
      "isHook": false,
      "skipped": false
    }
  ],
  "allPending": [],
  "allPasses": [
    {
      "title": "should return -1 when the value is not present",
      "fullTitle": "#indexOf() should return -1 when the value is not present",
      "timedOut": false,
      "duration": 0,
      "state": "passed",
      "speed": "fast",
      "pass": true,
      "fail": false,
      "pending": false,
      "code": "assert.equal(-1, [1,2,3].indexOf(4));",
      "err": {},
      "isRoot": false,
      "uuid": "6d68a0e8-473a-4e05-8a00-229f15ff448d",
      "parentUUID": "5f98c675-365d-4f1d-96c1-e2352b3ce4b4",
      "isHook": false,
      "skipped": false
    }
  ],
  "allFailures": [],
  "copyrightYear": 2017
}